2025-11-17 00:01:12.009 +02:00 [INF] Executed DbCommand (27ms) [Parameters=[], CommandType='"Text"', CommandTimeout='30']
SELECT 1
2025-11-17 00:01:12.096 +02:00 [INF] Executed DbCommand (22ms) [Parameters=[], CommandType='"Text"', CommandTimeout='30']
SELECT OBJECT_ID(N'[__EFMigrationsHistory]');
2025-11-17 00:01:12.103 +02:00 [INF] Executed DbCommand (2ms) [Parameters=[], CommandType='"Text"', CommandTimeout='30']
SELECT 1
2025-11-17 00:01:12.108 +02:00 [INF] Executed DbCommand (1ms) [Parameters=[], CommandType='"Text"', CommandTimeout='30']
SELECT OBJECT_ID(N'[__EFMigrationsHistory]');
2025-11-17 00:01:12.128 +02:00 [INF] Executed DbCommand (6ms) [Parameters=[], CommandType='"Text"', CommandTimeout='30']
SELECT [MigrationId], [ProductVersion]
FROM [__EFMigrationsHistory]
ORDER BY [MigrationId];
2025-11-17 00:01:12.174 +02:00 [INF] No migrations were applied. The database is already up to date.
2025-11-17 00:01:12.365 +02:00 [INF] User profile is available. Using 'C:\Users\ABDO YASER\AppData\Local\ASP.NET\DataProtection-Keys' as key repository and Windows DPAPI to encrypt keys at rest.
2025-11-17 00:01:12.566 +02:00 [INF] Now listening on: http://localhost:5161
2025-11-17 00:01:12.731 +02:00 [INF] Application started. Press Ctrl+C to shut down.
2025-11-17 00:01:12.733 +02:00 [INF] Hosting environment: Development
2025-11-17 00:01:12.735 +02:00 [INF] Content root path: F:\study\backend\Eng Ahmed Nasr\08 ASP.NET Core Web APIs\TradeHub\TradeHub
2025-11-17 00:01:12.897 +02:00 [INF] Request starting HTTP/1.1 GET http://localhost:5161/swagger/index.html - null null
2025-11-17 00:01:13.119 +02:00 [INF] Request finished HTTP/1.1 GET http://localhost:5161/swagger/index.html - 200 null text/html;charset=utf-8 235.3745ms
2025-11-17 00:01:13.147 +02:00 [INF] Request starting HTTP/1.1 GET http://localhost:5161/_framework/aspnetcore-browser-refresh.js - null null
2025-11-17 00:01:13.160 +02:00 [INF] Request starting HTTP/1.1 GET http://localhost:5161/_vs/browserLink - null null
2025-11-17 00:01:13.160 +02:00 [INF] Request finished HTTP/1.1 GET http://localhost:5161/_framework/aspnetcore-browser-refresh.js - 200 16501 application/javascript; charset=utf-8 12.854ms
2025-11-17 00:01:13.206 +02:00 [INF] Request finished HTTP/1.1 GET http://localhost:5161/_vs/browserLink - 200 null text/javascript; charset=UTF-8 46.0647ms
2025-11-17 00:01:14.199 +02:00 [INF] Request starting HTTP/1.1 GET http://localhost:5161/swagger/v1/swagger.json - null null
2025-11-17 00:01:14.254 +02:00 [INF] Request finished HTTP/1.1 GET http://localhost:5161/swagger/v1/swagger.json - 200 null application/json;charset=utf-8 55.6933ms
2025-11-17 00:01:19.928 +02:00 [INF] Request starting HTTP/1.1 GET http://localhost:5161/api/Product - application/json 190
2025-11-17 00:01:19.940 +02:00 [WRN] Failed to determine the https port for redirect.
2025-11-17 00:01:20.066 +02:00 [INF] Failed to validate the token.
Microsoft.IdentityModel.Tokens.SecurityTokenExpiredException: IDX10223: Lifetime validation failed. The token is expired. ValidTo (UTC): '11/11/2025 4:53:39 PM', Current time (UTC): '16/11/2025 10:01:20 PM'.
   at Microsoft.IdentityModel.Tokens.ValidatorUtilities.ValidateLifetime(Nullable`1 notBefore, Nullable`1 expires, SecurityToken securityToken, TokenValidationParameters validationParameters)
   at Microsoft.IdentityModel.Tokens.Validators.ValidateLifetime(Nullable`1 notBefore, Nullable`1 expires, SecurityToken securityToken, TokenValidationParameters validationParameters)
   at Microsoft.IdentityModel.JsonWebTokens.JsonWebTokenHandler.ValidateTokenPayloadAsync(JsonWebToken jsonWebToken, TokenValidationParameters validationParameters, BaseConfiguration configuration)
   at Microsoft.IdentityModel.JsonWebTokens.JsonWebTokenHandler.ValidateJWSAsync(JsonWebToken jsonWebToken, TokenValidationParameters validationParameters, BaseConfiguration configuration)
2025-11-17 00:01:20.091 +02:00 [INF] Bearer was not authenticated. Failure message: IDX10223: Lifetime validation failed. The token is expired. ValidTo (UTC): '11/11/2025 4:53:39 PM', Current time (UTC): '16/11/2025 10:01:20 PM'.
2025-11-17 00:01:20.098 +02:00 [INF] Executing endpoint 'TradeHub.Controllers.ProductController.GetProducts (TradeHub)'
2025-11-17 00:01:20.132 +02:00 [INF] Route matched with {action = "GetProducts", controller = "Product"}. Executing controller action with signature System.Threading.Tasks.Task`1[Microsoft.AspNetCore.Mvc.ActionResult`1[TradHub.Core.Dtos.Pagination`1[TradHub.Core.Dtos.ProductDto]]] GetProducts(TradHub.Core.Specifications.Product_Spec.ProductSpecParams) on controller TradeHub.Controllers.ProductController (TradeHub).
2025-11-17 00:01:20.140 +02:00 [WRN] You do not have a valid license key for the Lucky Penny software MediatR. This is allowed for development and testing scenarios. If you are running in production you are required to have a licensed version. Please visit https://luckypennysoftware.com to obtain a valid license.
2025-11-17 00:01:20.559 +02:00 [INF] Fetching products with filters: {"categoryId":null,"CompanyId":null,"Sort":null,"Search":null,"PageSize":5,"pageIndex":1,"$type":"ProductSpecParams"}
2025-11-17 00:01:20.796 +02:00 [WRN] The query uses a row limiting operator ('Skip'/'Take') without an 'OrderBy' operator. This may lead to unpredictable results. If the 'Distinct' operator is used after 'OrderBy', then make sure to use the 'OrderBy' operator after 'Distinct' as the ordering would otherwise get erased.
2025-11-17 00:01:20.798 +02:00 [WRN] The query uses a row limiting operator ('Skip'/'Take') without an 'OrderBy' operator. This may lead to unpredictable results. If the 'Distinct' operator is used after 'OrderBy', then make sure to use the 'OrderBy' operator after 'Distinct' as the ordering would otherwise get erased.
2025-11-17 00:01:20.984 +02:00 [WRN] Compiling a query which loads related collections for more than one collection navigation, either via 'Include' or through projection, but no 'QuerySplittingBehavior' has been configured. By default, Entity Framework will use 'QuerySplittingBehavior.SingleQuery', which can potentially result in slow query performance. See https://go.microsoft.com/fwlink/?linkid=2134277 for more information. To identify the query that's triggering this warning call 'ConfigureWarnings(w => w.Throw(RelationalEventId.MultipleCollectionIncludeWarning))'.
2025-11-17 00:01:21.063 +02:00 [INF] Executed DbCommand (37ms) [Parameters=[@__p_0='?' (DbType = Int32), @__p_1='?' (DbType = Int32)], CommandType='"Text"', CommandTimeout='30']
SELECT [t].[Id], [t].[CategoryId], [t].[CompanyId], [t].[CreatedAt], [t].[Description], [t].[ImageUrl], [t].[IsActive], [t].[Name], [t].[Price], [t].[Quantity], [c].[CategoryId], [c].[IsActive], [c].[Name], [c0].[CompanyId], [c0].[BusinessName], [c0].[BusinessTypeId], [c0].[CreatedById], [c0].[LocationId], [c0].[LogoUrl], [c0].[TaxNumber], [t0].[Id], [t0].[CategoryAttributeId], [t0].[ProductId], [t0].[Value], [t0].[Id0], [t0].[CategoryId], [t0].[DataType], [t0].[IsRequired], [t0].[Name], [p1].[RaitingId], [p1].[Comment], [p1].[CreatedAt], [p1].[ProductId], [p1].[RaitingValue], [p1].[UserId]
FROM (
    SELECT [p].[Id], [p].[CategoryId], [p].[CompanyId], [p].[CreatedAt], [p].[Description], [p].[ImageUrl], [p].[IsActive], [p].[Name], [p].[Price], [p].[Quantity]
    FROM [Products] AS [p]
    ORDER BY (SELECT 1)
    OFFSET @__p_0 ROWS FETCH NEXT @__p_1 ROWS ONLY
) AS [t]
INNER JOIN [Categories] AS [c] ON [t].[CategoryId] = [c].[CategoryId]
INNER JOIN [Companies] AS [c0] ON [t].[CompanyId] = [c0].[CompanyId]
LEFT JOIN (
    SELECT [p0].[Id], [p0].[CategoryAttributeId], [p0].[ProductId], [p0].[Value], [c1].[Id] AS [Id0], [c1].[CategoryId], [c1].[DataType], [c1].[IsRequired], [c1].[Name]
    FROM [ProductAttributes] AS [p0]
    INNER JOIN [CategoryAttributes] AS [c1] ON [p0].[CategoryAttributeId] = [c1].[Id]
) AS [t0] ON [t].[Id] = [t0].[ProductId]
LEFT JOIN [ProductRaiting] AS [p1] ON [t].[Id] = [p1].[ProductId]
ORDER BY [t].[Id], [c].[CategoryId], [c0].[CompanyId], [t0].[Id], [t0].[Id0]
2025-11-17 00:01:21.120 +02:00 [INF] Executed DbCommand (3ms) [Parameters=[], CommandType='"Text"', CommandTimeout='30']
SELECT COUNT(*)
FROM [Products] AS [p]
2025-11-17 00:01:21.125 +02:00 [INF] Fetched 1 products from DB
2025-11-17 00:01:21.185 +02:00 [INF] Executing OkObjectResult, writing value of type 'TradHub.Core.Dtos.Pagination`1[[TradHub.Core.Dtos.ProductDto, TradHub.Core, Version=1.0.0.0, Culture=neutral, PublicKeyToken=null]]'.
2025-11-17 00:01:21.195 +02:00 [INF] Executed action TradeHub.Controllers.ProductController.GetProducts (TradeHub) in 1055.3396ms
2025-11-17 00:01:21.198 +02:00 [INF] Executed endpoint 'TradeHub.Controllers.ProductController.GetProducts (TradeHub)'
2025-11-17 00:01:21.203 +02:00 [INF] HTTP GET /api/Product responded 200 in 1262.9128 ms
2025-11-17 00:01:21.213 +02:00 [INF] Request finished HTTP/1.1 GET http://localhost:5161/api/Product - 200 null application/json; charset=utf-8 1285.7555ms
2025-11-17 00:05:00.655 +02:00 [INF] Executed DbCommand (20ms) [Parameters=[], CommandType='"Text"', CommandTimeout='30']
SELECT 1
2025-11-17 00:05:00.726 +02:00 [INF] Executed DbCommand (20ms) [Parameters=[], CommandType='"Text"', CommandTimeout='30']
SELECT OBJECT_ID(N'[__EFMigrationsHistory]');
2025-11-17 00:05:00.737 +02:00 [INF] Executed DbCommand (1ms) [Parameters=[], CommandType='"Text"', CommandTimeout='30']
SELECT 1
2025-11-17 00:05:00.741 +02:00 [INF] Executed DbCommand (1ms) [Parameters=[], CommandType='"Text"', CommandTimeout='30']
SELECT OBJECT_ID(N'[__EFMigrationsHistory]');
2025-11-17 00:05:00.754 +02:00 [INF] Executed DbCommand (3ms) [Parameters=[], CommandType='"Text"', CommandTimeout='30']
SELECT [MigrationId], [ProductVersion]
FROM [__EFMigrationsHistory]
ORDER BY [MigrationId];
2025-11-17 00:05:00.769 +02:00 [INF] No migrations were applied. The database is already up to date.
2025-11-17 00:05:00.886 +02:00 [INF] User profile is available. Using 'C:\Users\ABDO YASER\AppData\Local\ASP.NET\DataProtection-Keys' as key repository and Windows DPAPI to encrypt keys at rest.
2025-11-17 00:05:01.030 +02:00 [INF] Now listening on: http://localhost:5161
2025-11-17 00:05:01.118 +02:00 [INF] Application started. Press Ctrl+C to shut down.
2025-11-17 00:05:01.122 +02:00 [INF] Hosting environment: Development
2025-11-17 00:05:01.127 +02:00 [INF] Content root path: F:\study\backend\Eng Ahmed Nasr\08 ASP.NET Core Web APIs\TradeHub\TradeHub
2025-11-17 00:05:01.489 +02:00 [INF] Request starting HTTP/1.1 GET http://localhost:5161/swagger/index.html - null null
2025-11-17 00:05:01.739 +02:00 [INF] Request finished HTTP/1.1 GET http://localhost:5161/swagger/index.html - 200 null text/html;charset=utf-8 266.9668ms
2025-11-17 00:05:01.796 +02:00 [INF] Request starting HTTP/1.1 GET http://localhost:5161/_framework/aspnetcore-browser-refresh.js - null null
2025-11-17 00:05:01.796 +02:00 [INF] Request starting HTTP/1.1 GET http://localhost:5161/_vs/browserLink - null null
2025-11-17 00:05:01.803 +02:00 [INF] Request finished HTTP/1.1 GET http://localhost:5161/_framework/aspnetcore-browser-refresh.js - 200 16501 application/javascript; charset=utf-8 7.2164ms
2025-11-17 00:05:01.839 +02:00 [INF] Request finished HTTP/1.1 GET http://localhost:5161/_vs/browserLink - 200 null text/javascript; charset=UTF-8 43.4061ms
2025-11-17 00:05:02.923 +02:00 [INF] Request starting HTTP/1.1 GET http://localhost:5161/swagger/v1/swagger.json - null null
2025-11-17 00:05:02.983 +02:00 [INF] Request finished HTTP/1.1 GET http://localhost:5161/swagger/v1/swagger.json - 200 null application/json;charset=utf-8 60.2055ms
2025-11-17 00:05:05.311 +02:00 [INF] Request starting HTTP/1.1 GET http://localhost:5161/api/Product - application/json 190
2025-11-17 00:05:05.321 +02:00 [WRN] Failed to determine the https port for redirect.
2025-11-17 00:05:05.393 +02:00 [INF] Executing endpoint 'TradeHub.Controllers.ProductController.GetProducts (TradeHub)'
2025-11-17 00:05:05.423 +02:00 [INF] Route matched with {action = "GetProducts", controller = "Product"}. Executing controller action with signature System.Threading.Tasks.Task`1[Microsoft.AspNetCore.Mvc.ActionResult`1[TradHub.Core.Dtos.Pagination`1[TradHub.Core.Dtos.ProductDto]]] GetProducts(TradHub.Core.Specifications.Product_Spec.ProductSpecParams) on controller TradeHub.Controllers.ProductController (TradeHub).
2025-11-17 00:05:05.430 +02:00 [WRN] You do not have a valid license key for the Lucky Penny software MediatR. This is allowed for development and testing scenarios. If you are running in production you are required to have a licensed version. Please visit https://luckypennysoftware.com to obtain a valid license.
2025-11-17 00:05:05.638 +02:00 [INF] Executing ContentResult with HTTP Response ContentType of application/json
2025-11-17 00:05:05.653 +02:00 [INF] Executed action TradeHub.Controllers.ProductController.GetProducts (TradeHub) in 222.594ms
2025-11-17 00:05:05.655 +02:00 [INF] Executed endpoint 'TradeHub.Controllers.ProductController.GetProducts (TradeHub)'
2025-11-17 00:05:05.659 +02:00 [INF] HTTP GET /api/Product responded 200 in 337.7893 ms
2025-11-17 00:05:05.663 +02:00 [INF] Request finished HTTP/1.1 GET http://localhost:5161/api/Product - 200 564 application/json 352.3593ms
2025-11-17 00:05:14.501 +02:00 [INF] Request starting HTTP/1.1 GET http://localhost:5161/api/Product - application/json 190
2025-11-17 00:05:14.508 +02:00 [INF] Executing endpoint 'TradeHub.Controllers.ProductController.GetProducts (TradeHub)'
2025-11-17 00:05:14.510 +02:00 [INF] Route matched with {action = "GetProducts", controller = "Product"}. Executing controller action with signature System.Threading.Tasks.Task`1[Microsoft.AspNetCore.Mvc.ActionResult`1[TradHub.Core.Dtos.Pagination`1[TradHub.Core.Dtos.ProductDto]]] GetProducts(TradHub.Core.Specifications.Product_Spec.ProductSpecParams) on controller TradeHub.Controllers.ProductController (TradeHub).
2025-11-17 00:05:14.514 +02:00 [INF] Executing ContentResult with HTTP Response ContentType of application/json
2025-11-17 00:05:14.517 +02:00 [INF] Executed action TradeHub.Controllers.ProductController.GetProducts (TradeHub) in 4.722ms
2025-11-17 00:05:14.519 +02:00 [INF] Executed endpoint 'TradeHub.Controllers.ProductController.GetProducts (TradeHub)'
2025-11-17 00:05:14.520 +02:00 [INF] HTTP GET /api/Product responded 200 in 13.7924 ms
2025-11-17 00:05:14.523 +02:00 [INF] Request finished HTTP/1.1 GET http://localhost:5161/api/Product - 200 564 application/json 22.1297ms
2025-11-17 00:05:40.857 +02:00 [INF] Request starting HTTP/1.1 GET http://localhost:5161/api/Product - application/json 190
2025-11-17 00:05:40.863 +02:00 [INF] Executing endpoint 'TradeHub.Controllers.ProductController.GetProducts (TradeHub)'
2025-11-17 00:05:40.865 +02:00 [INF] Route matched with {action = "GetProducts", controller = "Product"}. Executing controller action with signature System.Threading.Tasks.Task`1[Microsoft.AspNetCore.Mvc.ActionResult`1[TradHub.Core.Dtos.Pagination`1[TradHub.Core.Dtos.ProductDto]]] GetProducts(TradHub.Core.Specifications.Product_Spec.ProductSpecParams) on controller TradeHub.Controllers.ProductController (TradeHub).
2025-11-17 00:05:40.870 +02:00 [INF] Executing ContentResult with HTTP Response ContentType of application/json
2025-11-17 00:05:40.871 +02:00 [INF] Executed action TradeHub.Controllers.ProductController.GetProducts (TradeHub) in 2.6584ms
2025-11-17 00:05:40.873 +02:00 [INF] Executed endpoint 'TradeHub.Controllers.ProductController.GetProducts (TradeHub)'
2025-11-17 00:05:40.874 +02:00 [INF] HTTP GET /api/Product responded 200 in 11.9554 ms
2025-11-17 00:05:40.876 +02:00 [INF] Request finished HTTP/1.1 GET http://localhost:5161/api/Product - 200 564 application/json 18.2045ms
2025-11-17 20:06:29.309 +02:00 [INF] Executed DbCommand (25ms) [Parameters=[], CommandType='"Text"', CommandTimeout='30']
SELECT 1
2025-11-17 20:06:29.430 +02:00 [INF] Executed DbCommand (32ms) [Parameters=[], CommandType='"Text"', CommandTimeout='30']
SELECT OBJECT_ID(N'[__EFMigrationsHistory]');
2025-11-17 20:06:29.438 +02:00 [INF] Executed DbCommand (1ms) [Parameters=[], CommandType='"Text"', CommandTimeout='30']
SELECT 1
2025-11-17 20:06:29.441 +02:00 [INF] Executed DbCommand (1ms) [Parameters=[], CommandType='"Text"', CommandTimeout='30']
SELECT OBJECT_ID(N'[__EFMigrationsHistory]');
2025-11-17 20:06:29.463 +02:00 [INF] Executed DbCommand (9ms) [Parameters=[], CommandType='"Text"', CommandTimeout='30']
SELECT [MigrationId], [ProductVersion]
FROM [__EFMigrationsHistory]
ORDER BY [MigrationId];
2025-11-17 20:06:29.483 +02:00 [INF] No migrations were applied. The database is already up to date.
2025-11-17 20:06:29.721 +02:00 [INF] User profile is available. Using 'C:\Users\ABDO YASER\AppData\Local\ASP.NET\DataProtection-Keys' as key repository and Windows DPAPI to encrypt keys at rest.
2025-11-17 20:06:29.975 +02:00 [INF] Now listening on: http://localhost:5161
2025-11-17 20:06:30.097 +02:00 [INF] Application started. Press Ctrl+C to shut down.
2025-11-17 20:06:30.099 +02:00 [INF] Hosting environment: Development
2025-11-17 20:06:30.101 +02:00 [INF] Content root path: F:\study\backend\Eng Ahmed Nasr\08 ASP.NET Core Web APIs\TradeHub\TradeHub
2025-11-17 20:06:30.676 +02:00 [INF] Request starting HTTP/1.1 GET http://localhost:5161/swagger/index.html - null null
2025-11-17 20:06:30.931 +02:00 [INF] Request finished HTTP/1.1 GET http://localhost:5161/swagger/index.html - 200 null text/html;charset=utf-8 270.2466ms
2025-11-17 20:06:30.996 +02:00 [INF] Request starting HTTP/1.1 GET http://localhost:5161/_vs/browserLink - null null
2025-11-17 20:06:30.996 +02:00 [INF] Request starting HTTP/1.1 GET http://localhost:5161/_framework/aspnetcore-browser-refresh.js - null null
2025-11-17 20:06:31.008 +02:00 [INF] Request finished HTTP/1.1 GET http://localhost:5161/_framework/aspnetcore-browser-refresh.js - 200 16501 application/javascript; charset=utf-8 11.849ms
2025-11-17 20:06:31.055 +02:00 [INF] Request finished HTTP/1.1 GET http://localhost:5161/_vs/browserLink - 200 null text/javascript; charset=UTF-8 59.8075ms
2025-11-17 20:06:32.100 +02:00 [INF] Request starting HTTP/1.1 GET http://localhost:5161/swagger/v1/swagger.json - null null
2025-11-17 20:06:32.149 +02:00 [INF] Request finished HTTP/1.1 GET http://localhost:5161/swagger/v1/swagger.json - 200 null application/json;charset=utf-8 48.9712ms
